[
  {
    "EventID": 4663,
    "Channel": "Security",
    "SourceName": "Microsoft-Windows-Security-Auditing",
    "Computer": "FILESRV01",
    "TimeCreated": "2024-05-01T12:34:56.789Z",
    "EventData": {
      "SubjectUserSid": "S-1-5-21-111111111-222222222-333333333-1001",
      "SubjectUserName": "alice",
      "SubjectDomainName": "CONTOSO",
      "SubjectLogonId": "0x1234",
      "ObjectType": "File",
      "ObjectName": "C:\\Users\\alice\\Documents\\report.txt",
      "ProcessName": "C:\\Windows\\System32\\notepad.exe",
      "ProcessId": "0x1f4",
      "AccessMask": "0x1",
      "AccessList": "%%4416"
    }
  },
  {
    "EventID": 4663,
    "Channel": "Security",
    "SourceName": "Microsoft-Windows-Security-Auditing",
    "Computer": "FILESRV01",
    "TimeCreated": "2024-05-01T12:35:56.789Z",
    "EventData": {
      "SubjectUserSid": "S-1-5-21-111111111-222222222-333333333-1001",
      "SubjectUserName": "alice",
      "SubjectDomainName": "CONTOSO",
      "SubjectLogonId": "0x1234",
      "ObjectType": "File",
      "ObjectName": "C:\\Users\\alice\\Documents\\report.txt",
      "ProcessName": "C:\\Windows\\System32\\notepad.exe",
      "ProcessId": "0x1f4",
      "AccessMask": "0x2",
      "AccessList": "%%4417"
    }
  },
  {
    "EventID": 4663,
    "Channel": "Security",
    "SourceName": "Microsoft-Windows-Security-Auditing",
    "Computer": "FILESRV01",
    "TimeCreated": "2024-05-01T12:36:56.789Z",
    "EventData": {
      "SubjectUserSid": "S-1-5-21-111111111-222222222-333333333-1001",
      "SubjectUserName": "alice",
      "SubjectDomainName": "CONTOSO",
      "SubjectLogonId": "0x1234",
      "ObjectType": "File",
      "ObjectName": "C:\\Users\\alice\\Documents\\report.txt",
      "ProcessName": "C:\\Windows\\System32\\notepad.exe",
      "ProcessId": "0x1f4",
      "AccessMask": "0x10000",
      "AccessList": ["%%1537"]
    }
  }
]
